<?xml version="1.0" encoding="utf-8" standalone="no"?>
<!--This file represents the results of running a test suite-->
<test-results name="c:\work\PostgresDoc\Tests\bin\Debug\Tests.dll" total="0" errors="0" failures="0" not-run="0" inconclusive="0" ignored="0" skipped="0" invalid="0" date="2014-09-29" time="15:52:17">
  <environment nunit-version="2.6.3.13283" clr-version="2.0.50727.8009" os-version="Microsoft Windows NT 6.2.9200.0" platform="Win32NT" cwd="c:\work\PostgresDoc" machine-name="XPS13" user="Liam" user-domain="XPS13" />
  <culture-info current-culture="en-AU" current-uiculture="en-US" />
  <test-suite type="Assembly" name="c:\work\PostgresDoc\Tests\bin\Debug\Tests.dll" executed="True" result="Inconclusive" success="False" time="0.021" asserts="0" />
</test-results>